[INFO ] 2023-03-06 16:39:24,061 - restartedMain c.e.n.NasspringApplication StartupInfoLogger.java:55 Starting NasspringApplication using Java 11.0.11 on YupChang-MacBook-Pro.local with PID 92341 (/Users/cykimh/Documents/Workspace/study-spring/nasspring/build/classes/java/main started by cykimh in /Users/cykimh/Documents/Workspace/study-spring/nasspring)
[INFO ] 2023-03-06 16:39:24,064 - restartedMain c.e.n.NasspringApplication SpringApplication.java:637 The following 1 profile is active: "local"
[INFO ] 2023-03-06 16:39:24,369 - restartedMain o.s.b.d.e.DevToolsPropertyDefaultsPostProcessor DeferredLog.java:255 Devtools property defaults active! Set 'spring.devtools.add-properties' to 'false' to disable
[INFO ] 2023-03-06 16:39:24,370 - restartedMain o.s.b.d.e.DevToolsPropertyDefaultsPostProcessor DeferredLog.java:255 For additional web related logging consider setting the 'logging.level.web' property to 'DEBUG'
[INFO ] 2023-03-06 16:39:25,583 - restartedMain o.s.b.w.e.t.TomcatWebServer TomcatWebServer.java:108 Tomcat initialized with port(s): 8080 (http)
[INFO ] 2023-03-06 16:39:25,594 - restartedMain o.a.c.h.Http11NioProtocol DirectJDKLog.java:173 Initializing ProtocolHandler ["http-nio-8080"]
[INFO ] 2023-03-06 16:39:25,594 - restartedMain o.a.c.c.StandardService   DirectJDKLog.java:173 Starting service [Tomcat]
[INFO ] 2023-03-06 16:39:25,594 - restartedMain o.a.c.c.StandardEngine    DirectJDKLog.java:173 Starting Servlet engine: [Apache Tomcat/9.0.71]
[INFO ] 2023-03-06 16:39:25,657 - restartedMain o.a.c.c.C.[.[.[/]         DirectJDKLog.java:173 Initializing Spring embedded WebApplicationContext
[INFO ] 2023-03-06 16:39:25,657 - restartedMain o.s.b.w.s.c.ServletWebServerApplicationContext ServletWebServerApplicationContext.java:292 Root WebApplicationContext: initialization completed in 1287 ms
[INFO ] 2023-03-06 16:39:25,746 - restartedMain c.z.h.HikariDataSource    HikariDataSource.java:110 HikariPool-1 - Starting...
[ERROR] 2023-03-06 16:39:56,846 - restartedMain c.z.h.p.HikariPool        HikariPool.java:594 HikariPool-1 - Exception during pool initialization.
com.mysql.cj.jdbc.exceptions.CommunicationsException: Communications link failure

The last packet sent successfully to the server was 0 milliseconds ago. The driver has not received any packets from the server.
	at com.mysql.cj.jdbc.exceptions.SQLError.createCommunicationsException(SQLError.java:174)
	at com.mysql.cj.jdbc.exceptions.SQLExceptionsMapping.translateException(SQLExceptionsMapping.java:64)
	at com.mysql.cj.jdbc.ConnectionImpl.createNewIO(ConnectionImpl.java:824)
	at com.mysql.cj.jdbc.ConnectionImpl.<init>(ConnectionImpl.java:444)
	at com.mysql.cj.jdbc.ConnectionImpl.getInstance(ConnectionImpl.java:237)
	at com.mysql.cj.jdbc.NonRegisteringDriver.connect(NonRegisteringDriver.java:198)
	at net.sf.log4jdbc.sql.jdbcapi.DriverSpy.connect(DriverSpy.java:399)
	at com.zaxxer.hikari.util.DriverDataSource.getConnection(DriverDataSource.java:138)
	at com.zaxxer.hikari.pool.PoolBase.newConnection(PoolBase.java:364)
	at com.zaxxer.hikari.pool.PoolBase.newPoolEntry(PoolBase.java:206)
	at com.zaxxer.hikari.pool.HikariPool.createPoolEntry(HikariPool.java:476)
	at com.zaxxer.hikari.pool.HikariPool.checkFailFast(HikariPool.java:561)
	at com.zaxxer.hikari.pool.HikariPool.<init>(HikariPool.java:115)
	at com.zaxxer.hikari.HikariDataSource.getConnection(HikariDataSource.java:112)
	at org.springframework.jdbc.datasource.lookup.AbstractRoutingDataSource.getConnection(AbstractRoutingDataSource.java:194)
	at org.springframework.jdbc.datasource.LazyConnectionDataSourceProxy.afterPropertiesSet(LazyConnectionDataSourceProxy.java:164)
	at org.springframework.jdbc.datasource.LazyConnectionDataSourceProxy.<init>(LazyConnectionDataSourceProxy.java:108)
	at com.example.nasspring.config.DatabaseConfig.routedDataSource(DatabaseConfig.java:82)
	at com.example.nasspring.config.DatabaseConfig$$EnhancerBySpringCGLIB$$60a9f636.CGLIB$routedDataSource$2(<generated>)
	at com.example.nasspring.config.DatabaseConfig$$EnhancerBySpringCGLIB$$60a9f636$$FastClassBySpringCGLIB$$b61f0c47.invoke(<generated>)
	at org.springframework.cglib.proxy.MethodProxy.invokeSuper(MethodProxy.java:244)
	at org.springframework.context.annotation.ConfigurationClassEnhancer$BeanMethodInterceptor.intercept(ConfigurationClassEnhancer.java:331)
	at com.example.nasspring.config.DatabaseConfig$$EnhancerBySpringCGLIB$$60a9f636.routedDataSource(<generated>)
	at java.base/jdk.internal.reflect.NativeMethodAccessorImpl.invoke0(Native Method)
	at java.base/jdk.internal.reflect.NativeMethodAccessorImpl.invoke(NativeMethodAccessorImpl.java:62)
	at java.base/jdk.internal.reflect.DelegatingMethodAccessorImpl.invoke(DelegatingMethodAccessorImpl.java:43)
	at java.base/java.lang.reflect.Method.invoke(Method.java:566)
	at org.springframework.beans.factory.support.SimpleInstantiationStrategy.instantiate(SimpleInstantiationStrategy.java:154)
	at org.springframework.beans.factory.support.ConstructorResolver.instantiate(ConstructorResolver.java:653)
	at org.springframework.beans.factory.support.ConstructorResolver.instantiateUsingFactoryMethod(ConstructorResolver.java:486)
	at org.springframework.beans.factory.support.AbstractAutowireCapableBeanFactory.instantiateUsingFactoryMethod(AbstractAutowireCapableBeanFactory.java:1352)
	at org.springframework.beans.factory.support.AbstractAutowireCapableBeanFactory.createBeanInstance(AbstractAutowireCapableBeanFactory.java:1195)
	at org.springframework.beans.factory.support.AbstractAutowireCapableBeanFactory.doCreateBean(AbstractAutowireCapableBeanFactory.java:582)
	at org.springframework.beans.factory.support.AbstractAutowireCapableBeanFactory.createBean(AbstractAutowireCapableBeanFactory.java:542)
	at org.springframework.beans.factory.support.AbstractBeanFactory.lambda$doGetBean$0(AbstractBeanFactory.java:335)
	at org.springframework.beans.factory.support.DefaultSingletonBeanRegistry.getSingleton(DefaultSingletonBeanRegistry.java:234)
	at org.springframework.beans.factory.support.AbstractBeanFactory.doGetBean(AbstractBeanFactory.java:333)
	at org.springframework.beans.factory.support.AbstractBeanFactory.getBean(AbstractBeanFactory.java:208)
	at org.springframework.beans.factory.config.DependencyDescriptor.resolveCandidate(DependencyDescriptor.java:276)
	at org.springframework.beans.factory.support.DefaultListableBeanFactory.doResolveDependency(DefaultListableBeanFactory.java:1391)
	at org.springframework.beans.factory.support.DefaultListableBeanFactory.resolveDependency(DefaultListableBeanFactory.java:1311)
	at org.springframework.beans.factory.support.ConstructorResolver.resolveAutowiredArgument(ConstructorResolver.java:887)
	at org.springframework.beans.factory.support.ConstructorResolver.createArgumentArray(ConstructorResolver.java:791)
	at org.springframework.beans.factory.support.ConstructorResolver.instantiateUsingFactoryMethod(ConstructorResolver.java:541)
	at org.springframework.beans.factory.support.AbstractAutowireCapableBeanFactory.instantiateUsingFactoryMethod(AbstractAutowireCapableBeanFactory.java:1352)
	at org.springframework.beans.factory.support.AbstractAutowireCapableBeanFactory.createBeanInstance(AbstractAutowireCapableBeanFactory.java:1195)
	at org.springframework.beans.factory.support.AbstractAutowireCapableBeanFactory.doCreateBean(AbstractAutowireCapableBeanFactory.java:582)
	at org.springframework.beans.factory.support.AbstractAutowireCapableBeanFactory.createBean(AbstractAutowireCapableBeanFactory.java:542)
	at org.springframework.beans.factory.support.AbstractBeanFactory.lambda$doGetBean$0(AbstractBeanFactory.java:335)
	at org.springframework.beans.factory.support.DefaultSingletonBeanRegistry.getSingleton(DefaultSingletonBeanRegistry.java:234)
	at org.springframework.beans.factory.support.AbstractBeanFactory.doGetBean(AbstractBeanFactory.java:333)
	at org.springframework.beans.factory.support.AbstractBeanFactory.getBean(AbstractBeanFactory.java:208)
	at org.springframework.beans.factory.support.AbstractBeanFactory.doGetBean(AbstractBeanFactory.java:322)
	at org.springframework.beans.factory.support.AbstractBeanFactory.getBean(AbstractBeanFactory.java:208)
	at org.springframework.beans.factory.support.BeanDefinitionValueResolver.resolveReference(BeanDefinitionValueResolver.java:330)
	at org.springframework.beans.factory.support.BeanDefinitionValueResolver.resolveValueIfNecessary(BeanDefinitionValueResolver.java:113)
	at org.springframework.beans.factory.support.AbstractAutowireCapableBeanFactory.applyPropertyValues(AbstractAutowireCapableBeanFactory.java:1707)
	at org.springframework.beans.factory.support.AbstractAutowireCapableBeanFactory.populateBean(AbstractAutowireCapableBeanFactory.java:1452)
	at org.springframework.beans.factory.support.AbstractAutowireCapableBeanFactory.doCreateBean(AbstractAutowireCapableBeanFactory.java:619)
	at org.springframework.beans.factory.support.AbstractAutowireCapableBeanFactory.createBean(AbstractAutowireCapableBeanFactory.java:542)
	at org.springframework.beans.factory.support.AbstractBeanFactory.lambda$doGetBean$0(AbstractBeanFactory.java:335)
	at org.springframework.beans.factory.support.DefaultSingletonBeanRegistry.getSingleton(DefaultSingletonBeanRegistry.java:234)
	at org.springframework.beans.factory.support.AbstractBeanFactory.doGetBean(AbstractBeanFactory.java:333)
	at org.springframework.beans.factory.support.AbstractBeanFactory.getBean(AbstractBeanFactory.java:208)
	at org.springframework.beans.factory.config.DependencyDescriptor.resolveCandidate(DependencyDescriptor.java:276)
	at org.springframework.beans.factory.support.DefaultListableBeanFactory.doResolveDependency(DefaultListableBeanFactory.java:1391)
	at org.springframework.beans.factory.support.DefaultListableBeanFactory.resolveDependency(DefaultListableBeanFactory.java:1311)
	at org.springframework.beans.factory.annotation.AutowiredAnnotationBeanPostProcessor$AutowiredFieldElement.resolveFieldValue(AutowiredAnnotationBeanPostProcessor.java:657)
	at org.springframework.beans.factory.annotation.AutowiredAnnotationBeanPostProcessor$AutowiredFieldElement.inject(AutowiredAnnotationBeanPostProcessor.java:640)
	at org.springframework.beans.factory.annotation.InjectionMetadata.inject(InjectionMetadata.java:119)
	at org.springframework.beans.factory.annotation.AutowiredAnnotationBeanPostProcessor.postProcessProperties(AutowiredAnnotationBeanPostProcessor.java:399)
	at org.springframework.beans.factory.support.AbstractAutowireCapableBeanFactory.populateBean(AbstractAutowireCapableBeanFactory.java:1431)
	at org.springframework.beans.factory.support.AbstractAutowireCapableBeanFactory.doCreateBean(AbstractAutowireCapableBeanFactory.java:619)
	at org.springframework.beans.factory.support.AbstractAutowireCapableBeanFactory.createBean(AbstractAutowireCapableBeanFactory.java:542)
	at org.springframework.beans.factory.support.AbstractBeanFactory.lambda$doGetBean$0(AbstractBeanFactory.java:335)
	at org.springframework.beans.factory.support.DefaultSingletonBeanRegistry.getSingleton(DefaultSingletonBeanRegistry.java:234)
	at org.springframework.beans.factory.support.AbstractBeanFactory.doGetBean(AbstractBeanFactory.java:333)
	at org.springframework.beans.factory.support.AbstractBeanFactory.getBean(AbstractBeanFactory.java:208)
	at org.springframework.beans.factory.config.DependencyDescriptor.resolveCandidate(DependencyDescriptor.java:276)
	at org.springframework.beans.factory.support.DefaultListableBeanFactory.doResolveDependency(DefaultListableBeanFactory.java:1391)
	at org.springframework.beans.factory.support.DefaultListableBeanFactory.resolveDependency(DefaultListableBeanFactory.java:1311)
	at org.springframework.beans.factory.annotation.AutowiredAnnotationBeanPostProcessor$AutowiredFieldElement.resolveFieldValue(AutowiredAnnotationBeanPostProcessor.java:657)
	at org.springframework.beans.factory.annotation.AutowiredAnnotationBeanPostProcessor$AutowiredFieldElement.inject(AutowiredAnnotationBeanPostProcessor.java:640)
	at org.springframework.beans.factory.annotation.InjectionMetadata.inject(InjectionMetadata.java:119)
	at org.springframework.beans.factory.annotation.AutowiredAnnotationBeanPostProcessor.postProcessProperties(AutowiredAnnotationBeanPostProcessor.java:399)
	at org.springframework.beans.factory.support.AbstractAutowireCapableBeanFactory.populateBean(AbstractAutowireCapableBeanFactory.java:1431)
	at org.springframework.beans.factory.support.AbstractAutowireCapableBeanFactory.doCreateBean(AbstractAutowireCapableBeanFactory.java:619)
	at org.springframework.beans.factory.support.AbstractAutowireCapableBeanFactory.createBean(AbstractAutowireCapableBeanFactory.java:542)
	at org.springframework.beans.factory.support.AbstractBeanFactory.lambda$doGetBean$0(AbstractBeanFactory.java:335)
	at org.springframework.beans.factory.support.DefaultSingletonBeanRegistry.getSingleton(DefaultSingletonBeanRegistry.java:234)
	at org.springframework.beans.factory.support.AbstractBeanFactory.doGetBean(AbstractBeanFactory.java:333)
	at org.springframework.beans.factory.support.AbstractBeanFactory.getBean(AbstractBeanFactory.java:208)
	at org.springframework.beans.factory.config.DependencyDescriptor.resolveCandidate(DependencyDescriptor.java:276)
	at org.springframework.beans.factory.support.DefaultListableBeanFactory.doResolveDependency(DefaultListableBeanFactory.java:1391)
	at org.springframework.beans.factory.support.DefaultListableBeanFactory.resolveDependency(DefaultListableBeanFactory.java:1311)
	at org.springframework.beans.factory.support.ConstructorResolver.resolveAutowiredArgument(ConstructorResolver.java:887)
	at org.springframework.beans.factory.support.ConstructorResolver.createArgumentArray(ConstructorResolver.java:791)
	at org.springframework.beans.factory.support.ConstructorResolver.autowireConstructor(ConstructorResolver.java:229)
	at org.springframework.beans.factory.support.AbstractAutowireCapableBeanFactory.autowireConstructor(AbstractAutowireCapableBeanFactory.java:1372)
	at org.springframework.beans.factory.support.AbstractAutowireCapableBeanFactory.createBeanInstance(AbstractAutowireCapableBeanFactory.java:1222)
	at org.springframework.beans.factory.support.AbstractAutowireCapableBeanFactory.doCreateBean(AbstractAutowireCapableBeanFactory.java:582)
	at org.springframework.beans.factory.support.AbstractAutowireCapableBeanFactory.createBean(AbstractAutowireCapableBeanFactory.java:542)
	at org.springframework.beans.factory.support.AbstractBeanFactory.lambda$doGetBean$0(AbstractBeanFactory.java:335)
	at org.springframework.beans.factory.support.DefaultSingletonBeanRegistry.getSingleton(DefaultSingletonBeanRegistry.java:234)
	at org.springframework.beans.factory.support.AbstractBeanFactory.doGetBean(AbstractBeanFactory.java:333)
	at org.springframework.beans.factory.support.AbstractBeanFactory.getBean(AbstractBeanFactory.java:208)
	at org.springframework.beans.factory.support.DefaultListableBeanFactory.preInstantiateSingletons(DefaultListableBeanFactory.java:955)
	at org.springframework.context.support.AbstractApplicationContext.finishBeanFactoryInitialization(AbstractApplicationContext.java:918)
	at org.springframework.context.support.AbstractApplicationContext.refresh(AbstractApplicationContext.java:583)
	at org.springframework.boot.web.servlet.context.ServletWebServerApplicationContext.refresh(ServletWebServerApplicationContext.java:147)
	at org.springframework.boot.SpringApplication.refresh(SpringApplication.java:731)
	at org.springframework.boot.SpringApplication.refreshContext(SpringApplication.java:408)
	at org.springframework.boot.SpringApplication.run(SpringApplication.java:307)
	at org.springframework.boot.SpringApplication.run(SpringApplication.java:1303)
	at org.springframework.boot.SpringApplication.run(SpringApplication.java:1292)
	at com.example.nasspring.NasspringApplication.main(NasspringApplication.java:10)
	at java.base/jdk.internal.reflect.NativeMethodAccessorImpl.invoke0(Native Method)
	at java.base/jdk.internal.reflect.NativeMethodAccessorImpl.invoke(NativeMethodAccessorImpl.java:62)
	at java.base/jdk.internal.reflect.DelegatingMethodAccessorImpl.invoke(DelegatingMethodAccessorImpl.java:43)
	at java.base/java.lang.reflect.Method.invoke(Method.java:566)
	at org.springframework.boot.devtools.restart.RestartLauncher.run(RestartLauncher.java:49)
Caused by: com.mysql.cj.exceptions.CJCommunicationsException: Communications link failure

The last packet sent successfully to the server was 0 milliseconds ago. The driver has not received any packets from the server.
	at java.base/jdk.internal.reflect.NativeConstructorAccessorImpl.newInstance0(Native Method)
	at java.base/jdk.internal.reflect.NativeConstructorAccessorImpl.newInstance(NativeConstructorAccessorImpl.java:62)
	at java.base/jdk.internal.reflect.DelegatingConstructorAccessorImpl.newInstance(DelegatingConstructorAccessorImpl.java:45)
	at java.base/java.lang.reflect.Constructor.newInstance(Constructor.java:490)
	at com.mysql.cj.exceptions.ExceptionFactory.createException(ExceptionFactory.java:61)
	at com.mysql.cj.exceptions.ExceptionFactory.createException(ExceptionFactory.java:105)
	at com.mysql.cj.exceptions.ExceptionFactory.createException(ExceptionFactory.java:151)
	at com.mysql.cj.exceptions.ExceptionFactory.createCommunicationsException(ExceptionFactory.java:167)
	at com.mysql.cj.protocol.a.NativeSocketConnection.connect(NativeSocketConnection.java:89)
	at com.mysql.cj.NativeSession.connect(NativeSession.java:120)
	at com.mysql.cj.jdbc.ConnectionImpl.connectOneTryOnly(ConnectionImpl.java:944)
	at com.mysql.cj.jdbc.ConnectionImpl.createNewIO(ConnectionImpl.java:814)
	... 118 common frames omitted
Caused by: java.net.SocketTimeoutException: connect timed out
	at java.base/java.net.PlainSocketImpl.socketConnect(Native Method)
	at java.base/java.net.AbstractPlainSocketImpl.doConnect(AbstractPlainSocketImpl.java:399)
	at java.base/java.net.AbstractPlainSocketImpl.connectToAddress(AbstractPlainSocketImpl.java:242)
	at java.base/java.net.AbstractPlainSocketImpl.connect(AbstractPlainSocketImpl.java:224)
	at java.base/java.net.SocksSocketImpl.connect(SocksSocketImpl.java:392)
	at java.base/java.net.Socket.connect(Socket.java:608)
	at com.mysql.cj.protocol.StandardSocketFactory.connect(StandardSocketFactory.java:153)
	at com.mysql.cj.protocol.a.NativeSocketConnection.connect(NativeSocketConnection.java:63)
	... 121 common frames omitted
[INFO ] 2023-03-06 16:39:56,850 - restartedMain c.z.h.HikariDataSource    HikariDataSource.java:110 HikariPool-1 - Starting...
[ERROR] 2023-03-06 16:40:27,859 - restartedMain c.z.h.p.HikariPool        HikariPool.java:594 HikariPool-1 - Exception during pool initialization.
com.mysql.cj.jdbc.exceptions.CommunicationsException: Communications link failure

The last packet sent successfully to the server was 0 milliseconds ago. The driver has not received any packets from the server.
	at com.mysql.cj.jdbc.exceptions.SQLError.createCommunicationsException(SQLError.java:174)
	at com.mysql.cj.jdbc.exceptions.SQLExceptionsMapping.translateException(SQLExceptionsMapping.java:64)
	at com.mysql.cj.jdbc.ConnectionImpl.createNewIO(ConnectionImpl.java:824)
	at com.mysql.cj.jdbc.ConnectionImpl.<init>(ConnectionImpl.java:444)
	at com.mysql.cj.jdbc.ConnectionImpl.getInstance(ConnectionImpl.java:237)
	at com.mysql.cj.jdbc.NonRegisteringDriver.connect(NonRegisteringDriver.java:198)
	at net.sf.log4jdbc.sql.jdbcapi.DriverSpy.connect(DriverSpy.java:399)
	at com.zaxxer.hikari.util.DriverDataSource.getConnection(DriverDataSource.java:138)
	at com.zaxxer.hikari.pool.PoolBase.newConnection(PoolBase.java:364)
	at com.zaxxer.hikari.pool.PoolBase.newPoolEntry(PoolBase.java:206)
	at com.zaxxer.hikari.pool.HikariPool.createPoolEntry(HikariPool.java:476)
	at com.zaxxer.hikari.pool.HikariPool.checkFailFast(HikariPool.java:561)
	at com.zaxxer.hikari.pool.HikariPool.<init>(HikariPool.java:115)
	at com.zaxxer.hikari.HikariDataSource.getConnection(HikariDataSource.java:112)
	at org.springframework.jdbc.datasource.lookup.AbstractRoutingDataSource.getConnection(AbstractRoutingDataSource.java:194)
	at org.springframework.jdbc.datasource.LazyConnectionDataSourceProxy.afterPropertiesSet(LazyConnectionDataSourceProxy.java:164)
	at org.springframework.beans.factory.support.AbstractAutowireCapableBeanFactory.invokeInitMethods(AbstractAutowireCapableBeanFactory.java:1863)
	at org.springframework.beans.factory.support.AbstractAutowireCapableBeanFactory.initializeBean(AbstractAutowireCapableBeanFactory.java:1800)
	at org.springframework.beans.factory.support.AbstractAutowireCapableBeanFactory.doCreateBean(AbstractAutowireCapableBeanFactory.java:620)
	at org.springframework.beans.factory.support.AbstractAutowireCapableBeanFactory.createBean(AbstractAutowireCapableBeanFactory.java:542)
	at org.springframework.beans.factory.support.AbstractBeanFactory.lambda$doGetBean$0(AbstractBeanFactory.java:335)
	at org.springframework.beans.factory.support.DefaultSingletonBeanRegistry.getSingleton(DefaultSingletonBeanRegistry.java:234)
	at org.springframework.beans.factory.support.AbstractBeanFactory.doGetBean(AbstractBeanFactory.java:333)
	at org.springframework.beans.factory.support.AbstractBeanFactory.getBean(AbstractBeanFactory.java:208)
	at org.springframework.beans.factory.config.DependencyDescriptor.resolveCandidate(DependencyDescriptor.java:276)
	at org.springframework.beans.factory.support.DefaultListableBeanFactory.doResolveDependency(DefaultListableBeanFactory.java:1391)
	at org.springframework.beans.factory.support.DefaultListableBeanFactory.resolveDependency(DefaultListableBeanFactory.java:1311)
	at org.springframework.beans.factory.support.ConstructorResolver.resolveAutowiredArgument(ConstructorResolver.java:887)
	at org.springframework.beans.factory.support.ConstructorResolver.createArgumentArray(ConstructorResolver.java:791)
	at org.springframework.beans.factory.support.ConstructorResolver.instantiateUsingFactoryMethod(ConstructorResolver.java:541)
	at org.springframework.beans.factory.support.AbstractAutowireCapableBeanFactory.instantiateUsingFactoryMethod(AbstractAutowireCapableBeanFactory.java:1352)
	at org.springframework.beans.factory.support.AbstractAutowireCapableBeanFactory.createBeanInstance(AbstractAutowireCapableBeanFactory.java:1195)
	at org.springframework.beans.factory.support.AbstractAutowireCapableBeanFactory.doCreateBean(AbstractAutowireCapableBeanFactory.java:582)
	at org.springframework.beans.factory.support.AbstractAutowireCapableBeanFactory.createBean(AbstractAutowireCapableBeanFactory.java:542)
	at org.springframework.beans.factory.support.AbstractBeanFactory.lambda$doGetBean$0(AbstractBeanFactory.java:335)
	at org.springframework.beans.factory.support.DefaultSingletonBeanRegistry.getSingleton(DefaultSingletonBeanRegistry.java:234)
	at org.springframework.beans.factory.support.AbstractBeanFactory.doGetBean(AbstractBeanFactory.java:333)
	at org.springframework.beans.factory.support.AbstractBeanFactory.getBean(AbstractBeanFactory.java:208)
	at org.springframework.beans.factory.support.AbstractBeanFactory.doGetBean(AbstractBeanFactory.java:322)
	at org.springframework.beans.factory.support.AbstractBeanFactory.getBean(AbstractBeanFactory.java:208)
	at org.springframework.beans.factory.support.BeanDefinitionValueResolver.resolveReference(BeanDefinitionValueResolver.java:330)
	at org.springframework.beans.factory.support.BeanDefinitionValueResolver.resolveValueIfNecessary(BeanDefinitionValueResolver.java:113)
	at org.springframework.beans.factory.support.AbstractAutowireCapableBeanFactory.applyPropertyValues(AbstractAutowireCapableBeanFactory.java:1707)
	at org.springframework.beans.factory.support.AbstractAutowireCapableBeanFactory.populateBean(AbstractAutowireCapableBeanFactory.java:1452)
	at org.springframework.beans.factory.support.AbstractAutowireCapableBeanFactory.doCreateBean(AbstractAutowireCapableBeanFactory.java:619)
	at org.springframework.beans.factory.support.AbstractAutowireCapableBeanFactory.createBean(AbstractAutowireCapableBeanFactory.java:542)
	at org.springframework.beans.factory.support.AbstractBeanFactory.lambda$doGetBean$0(AbstractBeanFactory.java:335)
	at org.springframework.beans.factory.support.DefaultSingletonBeanRegistry.getSingleton(DefaultSingletonBeanRegistry.java:234)
	at org.springframework.beans.factory.support.AbstractBeanFactory.doGetBean(AbstractBeanFactory.java:333)
	at org.springframework.beans.factory.support.AbstractBeanFactory.getBean(AbstractBeanFactory.java:208)
	at org.springframework.beans.factory.config.DependencyDescriptor.resolveCandidate(DependencyDescriptor.java:276)
	at org.springframework.beans.factory.support.DefaultListableBeanFactory.doResolveDependency(DefaultListableBeanFactory.java:1391)
	at org.springframework.beans.factory.support.DefaultListableBeanFactory.resolveDependency(DefaultListableBeanFactory.java:1311)
	at org.springframework.beans.factory.annotation.AutowiredAnnotationBeanPostProcessor$AutowiredFieldElement.resolveFieldValue(AutowiredAnnotationBeanPostProcessor.java:657)
	at org.springframework.beans.factory.annotation.AutowiredAnnotationBeanPostProcessor$AutowiredFieldElement.inject(AutowiredAnnotationBeanPostProcessor.java:640)
	at org.springframework.beans.factory.annotation.InjectionMetadata.inject(InjectionMetadata.java:119)
	at org.springframework.beans.factory.annotation.AutowiredAnnotationBeanPostProcessor.postProcessProperties(AutowiredAnnotationBeanPostProcessor.java:399)
	at org.springframework.beans.factory.support.AbstractAutowireCapableBeanFactory.populateBean(AbstractAutowireCapableBeanFactory.java:1431)
	at org.springframework.beans.factory.support.AbstractAutowireCapableBeanFactory.doCreateBean(AbstractAutowireCapableBeanFactory.java:619)
	at org.springframework.beans.factory.support.AbstractAutowireCapableBeanFactory.createBean(AbstractAutowireCapableBeanFactory.java:542)
	at org.springframework.beans.factory.support.AbstractBeanFactory.lambda$doGetBean$0(AbstractBeanFactory.java:335)
	at org.springframework.beans.factory.support.DefaultSingletonBeanRegistry.getSingleton(DefaultSingletonBeanRegistry.java:234)
	at org.springframework.beans.factory.support.AbstractBeanFactory.doGetBean(AbstractBeanFactory.java:333)
	at org.springframework.beans.factory.support.AbstractBeanFactory.getBean(AbstractBeanFactory.java:208)
	at org.springframework.beans.factory.config.DependencyDescriptor.resolveCandidate(DependencyDescriptor.java:276)
	at org.springframework.beans.factory.support.DefaultListableBeanFactory.doResolveDependency(DefaultListableBeanFactory.java:1391)
	at org.springframework.beans.factory.support.DefaultListableBeanFactory.resolveDependency(DefaultListableBeanFactory.java:1311)
	at org.springframework.beans.factory.annotation.AutowiredAnnotationBeanPostProcessor$AutowiredFieldElement.resolveFieldValue(AutowiredAnnotationBeanPostProcessor.java:657)
	at org.springframework.beans.factory.annotation.AutowiredAnnotationBeanPostProcessor$AutowiredFieldElement.inject(AutowiredAnnotationBeanPostProcessor.java:640)
	at org.springframework.beans.factory.annotation.InjectionMetadata.inject(InjectionMetadata.java:119)
	at org.springframework.beans.factory.annotation.AutowiredAnnotationBeanPostProcessor.postProcessProperties(AutowiredAnnotationBeanPostProcessor.java:399)
	at org.springframework.beans.factory.support.AbstractAutowireCapableBeanFactory.populateBean(AbstractAutowireCapableBeanFactory.java:1431)
	at org.springframework.beans.factory.support.AbstractAutowireCapableBeanFactory.doCreateBean(AbstractAutowireCapableBeanFactory.java:619)
	at org.springframework.beans.factory.support.AbstractAutowireCapableBeanFactory.createBean(AbstractAutowireCapableBeanFactory.java:542)
	at org.springframework.beans.factory.support.AbstractBeanFactory.lambda$doGetBean$0(AbstractBeanFactory.java:335)
	at org.springframework.beans.factory.support.DefaultSingletonBeanRegistry.getSingleton(DefaultSingletonBeanRegistry.java:234)
	at org.springframework.beans.factory.support.AbstractBeanFactory.doGetBean(AbstractBeanFactory.java:333)
	at org.springframework.beans.factory.support.AbstractBeanFactory.getBean(AbstractBeanFactory.java:208)
	at org.springframework.beans.factory.config.DependencyDescriptor.resolveCandidate(DependencyDescriptor.java:276)
	at org.springframework.beans.factory.support.DefaultListableBeanFactory.doResolveDependency(DefaultListableBeanFactory.java:1391)
	at org.springframework.beans.factory.support.DefaultListableBeanFactory.resolveDependency(DefaultListableBeanFactory.java:1311)
	at org.springframework.beans.factory.support.ConstructorResolver.resolveAutowiredArgument(ConstructorResolver.java:887)
	at org.springframework.beans.factory.support.ConstructorResolver.createArgumentArray(ConstructorResolver.java:791)
	at org.springframework.beans.factory.support.ConstructorResolver.autowireConstructor(ConstructorResolver.java:229)
	at org.springframework.beans.factory.support.AbstractAutowireCapableBeanFactory.autowireConstructor(AbstractAutowireCapableBeanFactory.java:1372)
	at org.springframework.beans.factory.support.AbstractAutowireCapableBeanFactory.createBeanInstance(AbstractAutowireCapableBeanFactory.java:1222)
	at org.springframework.beans.factory.support.AbstractAutowireCapableBeanFactory.doCreateBean(AbstractAutowireCapableBeanFactory.java:582)
	at org.springframework.beans.factory.support.AbstractAutowireCapableBeanFactory.createBean(AbstractAutowireCapableBeanFactory.java:542)
	at org.springframework.beans.factory.support.AbstractBeanFactory.lambda$doGetBean$0(AbstractBeanFactory.java:335)
	at org.springframework.beans.factory.support.DefaultSingletonBeanRegistry.getSingleton(DefaultSingletonBeanRegistry.java:234)
	at org.springframework.beans.factory.support.AbstractBeanFactory.doGetBean(AbstractBeanFactory.java:333)
	at org.springframework.beans.factory.support.AbstractBeanFactory.getBean(AbstractBeanFactory.java:208)
	at org.springframework.beans.factory.support.DefaultListableBeanFactory.preInstantiateSingletons(DefaultListableBeanFactory.java:955)
	at org.springframework.context.support.AbstractApplicationContext.finishBeanFactoryInitialization(AbstractApplicationContext.java:918)
	at org.springframework.context.support.AbstractApplicationContext.refresh(AbstractApplicationContext.java:583)
	at org.springframework.boot.web.servlet.context.ServletWebServerApplicationContext.refresh(ServletWebServerApplicationContext.java:147)
	at org.springframework.boot.SpringApplication.refresh(SpringApplication.java:731)
	at org.springframework.boot.SpringApplication.refreshContext(SpringApplication.java:408)
	at org.springframework.boot.SpringApplication.run(SpringApplication.java:307)
	at org.springframework.boot.SpringApplication.run(SpringApplication.java:1303)
	at org.springframework.boot.SpringApplication.run(SpringApplication.java:1292)
	at com.example.nasspring.NasspringApplication.main(NasspringApplication.java:10)
	at java.base/jdk.internal.reflect.NativeMethodAccessorImpl.invoke0(Native Method)
	at java.base/jdk.internal.reflect.NativeMethodAccessorImpl.invoke(NativeMethodAccessorImpl.java:62)
	at java.base/jdk.internal.reflect.DelegatingMethodAccessorImpl.invoke(DelegatingMethodAccessorImpl.java:43)
	at java.base/java.lang.reflect.Method.invoke(Method.java:566)
	at org.springframework.boot.devtools.restart.RestartLauncher.run(RestartLauncher.java:49)
Caused by: com.mysql.cj.exceptions.CJCommunicationsException: Communications link failure

The last packet sent successfully to the server was 0 milliseconds ago. The driver has not received any packets from the server.
	at java.base/jdk.internal.reflect.NativeConstructorAccessorImpl.newInstance0(Native Method)
	at java.base/jdk.internal.reflect.NativeConstructorAccessorImpl.newInstance(NativeConstructorAccessorImpl.java:62)
	at java.base/jdk.internal.reflect.DelegatingConstructorAccessorImpl.newInstance(DelegatingConstructorAccessorImpl.java:45)
	at java.base/java.lang.reflect.Constructor.newInstance(Constructor.java:490)
	at com.mysql.cj.exceptions.ExceptionFactory.createException(ExceptionFactory.java:61)
	at com.mysql.cj.exceptions.ExceptionFactory.createException(ExceptionFactory.java:105)
	at com.mysql.cj.exceptions.ExceptionFactory.createException(ExceptionFactory.java:151)
	at com.mysql.cj.exceptions.ExceptionFactory.createCommunicationsException(ExceptionFactory.java:167)
	at com.mysql.cj.protocol.a.NativeSocketConnection.connect(NativeSocketConnection.java:89)
	at com.mysql.cj.NativeSession.connect(NativeSession.java:120)
	at com.mysql.cj.jdbc.ConnectionImpl.connectOneTryOnly(ConnectionImpl.java:944)
	at com.mysql.cj.jdbc.ConnectionImpl.createNewIO(ConnectionImpl.java:814)
	... 104 common frames omitted
Caused by: java.net.SocketTimeoutException: connect timed out
	at java.base/java.net.PlainSocketImpl.socketConnect(Native Method)
	at java.base/java.net.AbstractPlainSocketImpl.doConnect(AbstractPlainSocketImpl.java:399)
	at java.base/java.net.AbstractPlainSocketImpl.connectToAddress(AbstractPlainSocketImpl.java:242)
	at java.base/java.net.AbstractPlainSocketImpl.connect(AbstractPlainSocketImpl.java:224)
	at java.base/java.net.SocksSocketImpl.connect(SocksSocketImpl.java:392)
	at java.base/java.net.Socket.connect(Socket.java:608)
	at com.mysql.cj.protocol.StandardSocketFactory.connect(StandardSocketFactory.java:153)
	at com.mysql.cj.protocol.a.NativeSocketConnection.connect(NativeSocketConnection.java:63)
	... 107 common frames omitted
[INFO ] 2023-03-06 16:40:28,330 - restartedMain o.s.b.a.w.s.WelcomePageHandlerMapping WelcomePageHandlerMapping.java:57 Adding welcome page template: index
[INFO ] 2023-03-06 16:40:28,567 - restartedMain o.s.b.d.a.OptionalLiveReloadServer OptionalLiveReloadServer.java:59 LiveReload server is running on port 35729
[INFO ] 2023-03-06 16:40:28,590 - restartedMain o.a.c.h.Http11NioProtocol DirectJDKLog.java:173 Starting ProtocolHandler ["http-nio-8080"]
[INFO ] 2023-03-06 16:40:28,612 - restartedMain o.s.b.w.e.t.TomcatWebServer TomcatWebServer.java:220 Tomcat started on port(s): 8080 (http) with context path ''
[INFO ] 2023-03-06 16:40:28,626 - restartedMain c.e.n.NasspringApplication StartupInfoLogger.java:61 Started NasspringApplication in 65.196 seconds (JVM running for 71.236)
[INFO ] 2023-03-06 16:40:43,826 - restartedMain c.e.n.NasspringApplication StartupInfoLogger.java:55 Starting NasspringApplication using Java 11.0.11 on YupChang-MacBook-Pro.local with PID 93280 (/Users/cykimh/Documents/Workspace/study-spring/nasspring/build/classes/java/main started by cykimh in /Users/cykimh/Documents/Workspace/study-spring/nasspring)
[INFO ] 2023-03-06 16:40:43,828 - restartedMain c.e.n.NasspringApplication SpringApplication.java:637 The following 1 profile is active: "local"
[INFO ] 2023-03-06 16:40:44,159 - restartedMain o.s.b.d.e.DevToolsPropertyDefaultsPostProcessor DeferredLog.java:255 Devtools property defaults active! Set 'spring.devtools.add-properties' to 'false' to disable
[INFO ] 2023-03-06 16:40:44,160 - restartedMain o.s.b.d.e.DevToolsPropertyDefaultsPostProcessor DeferredLog.java:255 For additional web related logging consider setting the 'logging.level.web' property to 'DEBUG'
[INFO ] 2023-03-06 16:40:45,330 - restartedMain o.s.b.w.e.t.TomcatWebServer TomcatWebServer.java:108 Tomcat initialized with port(s): 8080 (http)
[INFO ] 2023-03-06 16:40:45,341 - restartedMain o.a.c.h.Http11NioProtocol DirectJDKLog.java:173 Initializing ProtocolHandler ["http-nio-8080"]
[INFO ] 2023-03-06 16:40:45,341 - restartedMain o.a.c.c.StandardService   DirectJDKLog.java:173 Starting service [Tomcat]
[INFO ] 2023-03-06 16:40:45,341 - restartedMain o.a.c.c.StandardEngine    DirectJDKLog.java:173 Starting Servlet engine: [Apache Tomcat/9.0.71]
[INFO ] 2023-03-06 16:40:45,419 - restartedMain o.a.c.c.C.[.[.[/]         DirectJDKLog.java:173 Initializing Spring embedded WebApplicationContext
[INFO ] 2023-03-06 16:40:45,419 - restartedMain o.s.b.w.s.c.ServletWebServerApplicationContext ServletWebServerApplicationContext.java:292 Root WebApplicationContext: initialization completed in 1258 ms
[INFO ] 2023-03-06 16:40:45,519 - restartedMain c.z.h.HikariDataSource    HikariDataSource.java:110 HikariPool-1 - Starting...
[INFO ] 2023-03-06 16:40:46,171 - restartedMain c.z.h.p.PoolBase          PoolBase.java:541 HikariPool-1 - Driver does not support get/set network timeout for connections. (Receiver class net.sf.log4jdbc.sql.jdbcapi.ConnectionSpy does not define or inherit an implementation of the resolved method abstract getNetworkTimeout()I of interface java.sql.Connection.)
[INFO ] 2023-03-06 16:40:46,320 - restartedMain c.z.h.HikariDataSource    HikariDataSource.java:123 HikariPool-1 - Start completed.
[INFO ] 2023-03-06 16:40:46,790 - restartedMain o.s.b.a.w.s.WelcomePageHandlerMapping WelcomePageHandlerMapping.java:57 Adding welcome page template: index
[INFO ] 2023-03-06 16:40:47,032 - restartedMain o.s.b.d.a.OptionalLiveReloadServer OptionalLiveReloadServer.java:59 LiveReload server is running on port 35729
[INFO ] 2023-03-06 16:40:47,054 - restartedMain o.a.c.h.Http11NioProtocol DirectJDKLog.java:173 Starting ProtocolHandler ["http-nio-8080"]
[INFO ] 2023-03-06 16:40:47,074 - restartedMain o.s.b.w.e.t.TomcatWebServer TomcatWebServer.java:220 Tomcat started on port(s): 8080 (http) with context path ''
[INFO ] 2023-03-06 16:40:47,090 - restartedMain c.e.n.NasspringApplication StartupInfoLogger.java:61 Started NasspringApplication in 3.762 seconds (JVM running for 9.693)
[INFO ] 2023-03-06 16:40:49,556 - http-nio-8080-exec-1 o.a.c.c.C.[.[.[/]         DirectJDKLog.java:173 Initializing Spring DispatcherServlet 'dispatcherServlet'
[INFO ] 2023-03-06 16:40:49,557 - http-nio-8080-exec-1 o.s.w.s.DispatcherServlet FrameworkServlet.java:525 Initializing Servlet 'dispatcherServlet'
[INFO ] 2023-03-06 16:40:49,559 - http-nio-8080-exec-1 o.s.w.s.DispatcherServlet FrameworkServlet.java:547 Completed initialization in 2 ms
[INFO ] 2023-03-06 16:40:49,681 - http-nio-8080-exec-1 c.e.n.d.DemoController    DemoController.java:57 layout-test
[WARN ] 2023-03-06 16:40:50,560 - http-nio-8080-exec-1 n.n.u.t.l.f.FragmentProcessor FragmentProcessor.groovy:75 You don't need to put the layout:fragment/data-layout-fragment attribute into the <head> section - the decoration process will automatically copy the <head> section of your content templates into your layout page.
[INFO ] 2023-03-06 16:41:19,800 - http-nio-8080-exec-5 c.e.n.c.CustomInterceptor CustomInterceptor.java:16 인터셉터에 도착
[INFO ] 2023-03-06 16:41:19,801 - http-nio-8080-exec-5 c.e.n.d.DemoController    DemoController.java:64 interceptor_test
[INFO ] 2023-03-06 16:41:28,182 - http-nio-8080-exec-8 c.e.n.d.DemoController    DemoController.java:71 interceptor_exclude
[INFO ] 2023-03-06 16:54:42,610 - SpringApplicationShutdownHook c.z.h.HikariDataSource    HikariDataSource.java:350 HikariPool-1 - Shutdown initiated...
[INFO ] 2023-03-06 16:54:42,641 - SpringApplicationShutdownHook c.z.h.HikariDataSource    HikariDataSource.java:352 HikariPool-1 - Shutdown completed.
[INFO ] 2023-03-06 16:54:54,483 - restartedMain c.e.n.NasspringApplication StartupInfoLogger.java:55 Starting NasspringApplication using Java 11.0.11 on YupChang-MacBook-Pro.local with PID 2418 (/Users/cykimh/Documents/Workspace/study-spring/nasspring/build/classes/java/main started by cykimh in /Users/cykimh/Documents/Workspace/study-spring/nasspring)
[INFO ] 2023-03-06 16:54:54,490 - restartedMain c.e.n.NasspringApplication SpringApplication.java:637 The following 1 profile is active: "local"
[INFO ] 2023-03-06 16:54:55,161 - restartedMain o.s.b.d.e.DevToolsPropertyDefaultsPostProcessor DeferredLog.java:255 Devtools property defaults active! Set 'spring.devtools.add-properties' to 'false' to disable
[INFO ] 2023-03-06 16:54:55,161 - restartedMain o.s.b.d.e.DevToolsPropertyDefaultsPostProcessor DeferredLog.java:255 For additional web related logging consider setting the 'logging.level.web' property to 'DEBUG'
[INFO ] 2023-03-06 16:54:56,586 - restartedMain o.s.b.w.e.t.TomcatWebServer TomcatWebServer.java:108 Tomcat initialized with port(s): 8080 (http)
[INFO ] 2023-03-06 16:54:56,604 - restartedMain o.a.c.h.Http11NioProtocol DirectJDKLog.java:173 Initializing ProtocolHandler ["http-nio-8080"]
[INFO ] 2023-03-06 16:54:56,605 - restartedMain o.a.c.c.StandardService   DirectJDKLog.java:173 Starting service [Tomcat]
[INFO ] 2023-03-06 16:54:56,605 - restartedMain o.a.c.c.StandardEngine    DirectJDKLog.java:173 Starting Servlet engine: [Apache Tomcat/9.0.71]
[INFO ] 2023-03-06 16:54:56,710 - restartedMain o.a.c.c.C.[.[.[/]         DirectJDKLog.java:173 Initializing Spring embedded WebApplicationContext
[INFO ] 2023-03-06 16:54:56,711 - restartedMain o.s.b.w.s.c.ServletWebServerApplicationContext ServletWebServerApplicationContext.java:292 Root WebApplicationContext: initialization completed in 1549 ms
[INFO ] 2023-03-06 16:54:56,809 - restartedMain c.z.h.HikariDataSource    HikariDataSource.java:110 HikariPool-1 - Starting...
[INFO ] 2023-03-06 16:54:57,507 - restartedMain c.z.h.p.PoolBase          PoolBase.java:541 HikariPool-1 - Driver does not support get/set network timeout for connections. (Receiver class net.sf.log4jdbc.sql.jdbcapi.ConnectionSpy does not define or inherit an implementation of the resolved method abstract getNetworkTimeout()I of interface java.sql.Connection.)
[INFO ] 2023-03-06 16:54:57,633 - restartedMain c.z.h.HikariDataSource    HikariDataSource.java:123 HikariPool-1 - Start completed.
[INFO ] 2023-03-06 16:54:58,181 - restartedMain o.s.b.a.w.s.WelcomePageHandlerMapping WelcomePageHandlerMapping.java:57 Adding welcome page template: index
[INFO ] 2023-03-06 16:54:58,504 - restartedMain o.s.b.d.a.OptionalLiveReloadServer OptionalLiveReloadServer.java:59 LiveReload server is running on port 35729
[INFO ] 2023-03-06 16:54:58,584 - restartedMain o.s.b.w.e.t.TomcatWebServer TomcatWebServer.java:220 Tomcat started on port(s): 8080 (http) with context path ''
[INFO ] 2023-03-06 16:54:58,602 - restartedMain c.e.n.NasspringApplication StartupInfoLogger.java:61 Started NasspringApplication in 5.168 seconds (JVM running for 11.731)
[INFO ] 2023-03-06 16:55:00,628 - SpringApplicationShutdownHook c.z.h.HikariDataSource    HikariDataSource.java:350 HikariPool-1 - Shutdown initiated...
[INFO ] 2023-03-06 16:55:00,931 - SpringApplicationShutdownHook c.z.h.HikariDataSource    HikariDataSource.java:352 HikariPool-1 - Shutdown completed.
[INFO ] 2023-03-06 16:55:11,957 - restartedMain c.e.n.NasspringApplication StartupInfoLogger.java:55 Starting NasspringApplication using Java 11.0.11 on YupChang-MacBook-Pro.local with PID 2548 (/Users/cykimh/Documents/Workspace/study-spring/nasspring/build/classes/java/main started by cykimh in /Users/cykimh/Documents/Workspace/study-spring/nasspring)
[INFO ] 2023-03-06 16:55:11,960 - restartedMain c.e.n.NasspringApplication SpringApplication.java:637 The following 1 profile is active: "local"
[INFO ] 2023-03-06 16:55:12,670 - restartedMain o.s.b.d.e.DevToolsPropertyDefaultsPostProcessor DeferredLog.java:255 Devtools property defaults active! Set 'spring.devtools.add-properties' to 'false' to disable
[INFO ] 2023-03-06 16:55:12,670 - restartedMain o.s.b.d.e.DevToolsPropertyDefaultsPostProcessor DeferredLog.java:255 For additional web related logging consider setting the 'logging.level.web' property to 'DEBUG'
[INFO ] 2023-03-06 16:55:14,927 - restartedMain o.s.b.w.e.t.TomcatWebServer TomcatWebServer.java:108 Tomcat initialized with port(s): 8080 (http)
[INFO ] 2023-03-06 16:55:14,937 - restartedMain o.a.c.h.Http11NioProtocol DirectJDKLog.java:173 Initializing ProtocolHandler ["http-nio-8080"]
[INFO ] 2023-03-06 16:55:14,938 - restartedMain o.a.c.c.StandardService   DirectJDKLog.java:173 Starting service [Tomcat]
[INFO ] 2023-03-06 16:55:14,938 - restartedMain o.a.c.c.StandardEngine    DirectJDKLog.java:173 Starting Servlet engine: [Apache Tomcat/9.0.71]
[INFO ] 2023-03-06 16:55:15,039 - restartedMain o.a.c.c.C.[.[.[/]         DirectJDKLog.java:173 Initializing Spring embedded WebApplicationContext
[INFO ] 2023-03-06 16:55:15,040 - restartedMain o.s.b.w.s.c.ServletWebServerApplicationContext ServletWebServerApplicationContext.java:292 Root WebApplicationContext: initialization completed in 2369 ms
[INFO ] 2023-03-06 16:55:15,157 - restartedMain c.z.h.HikariDataSource    HikariDataSource.java:110 HikariPool-1 - Starting...
[INFO ] 2023-03-06 16:55:16,037 - restartedMain c.z.h.p.PoolBase          PoolBase.java:541 HikariPool-1 - Driver does not support get/set network timeout for connections. (Receiver class net.sf.log4jdbc.sql.jdbcapi.ConnectionSpy does not define or inherit an implementation of the resolved method abstract getNetworkTimeout()I of interface java.sql.Connection.)
[INFO ] 2023-03-06 16:55:16,172 - restartedMain c.z.h.HikariDataSource    HikariDataSource.java:123 HikariPool-1 - Start completed.
[INFO ] 2023-03-06 16:55:16,902 - restartedMain o.s.b.a.w.s.WelcomePageHandlerMapping WelcomePageHandlerMapping.java:57 Adding welcome page template: index
[INFO ] 2023-03-06 16:55:17,158 - restartedMain o.s.b.d.a.OptionalLiveReloadServer OptionalLiveReloadServer.java:59 LiveReload server is running on port 35729
[INFO ] 2023-03-06 16:55:17,187 - restartedMain o.a.c.h.Http11NioProtocol DirectJDKLog.java:173 Starting ProtocolHandler ["http-nio-8080"]
[INFO ] 2023-03-06 16:55:17,215 - restartedMain o.s.b.w.e.t.TomcatWebServer TomcatWebServer.java:220 Tomcat started on port(s): 8080 (http) with context path ''
[INFO ] 2023-03-06 16:55:17,234 - restartedMain c.e.n.NasspringApplication StartupInfoLogger.java:61 Started NasspringApplication in 6.417 seconds (JVM running for 12.753)
[INFO ] 2023-03-06 16:55:27,416 - http-nio-8080-exec-1 o.a.c.c.C.[.[.[/]         DirectJDKLog.java:173 Initializing Spring DispatcherServlet 'dispatcherServlet'
[INFO ] 2023-03-06 16:55:27,416 - http-nio-8080-exec-1 o.s.w.s.DispatcherServlet FrameworkServlet.java:525 Initializing Servlet 'dispatcherServlet'
[INFO ] 2023-03-06 16:55:27,427 - http-nio-8080-exec-1 o.s.w.s.DispatcherServlet FrameworkServlet.java:547 Completed initialization in 10 ms
[INFO ] 2023-03-06 16:55:27,460 - http-nio-8080-exec-1 c.e.n.d.DemoController    DemoController.java:58 db-test
[INFO ] 2023-03-06 16:55:27,578 - http-nio-8080-exec-1 j.sqltiming               Slf4jSpyLogDelegator.java:373 select
            idx,
            test1,
            test2,
            test3,
            test4
        from demo_table
 {executed in 41 msec}
[INFO ] 2023-03-06 16:55:27,599 - http-nio-8080-exec-1 j.resultsettable          Slf4jSpyLogDelegator.java:610 
|----|------|------|------|------|
|idx |test1 |test2 |test3 |test4 |
|----|------|------|------|------|
|1   |1     |11    |111   |1111  |
|2   |2     |22    |222   |2222  |
|3   |3     |33    |333   |3333  |
|4   |4     |44    |444   |4444  |
|5   |5     |55    |555   |5555  |
|----|------|------|------|------|

[INFO ] 2023-03-06 17:04:04,960 - SpringApplicationShutdownHook c.z.h.HikariDataSource    HikariDataSource.java:350 HikariPool-1 - Shutdown initiated...
[INFO ] 2023-03-06 17:04:04,981 - SpringApplicationShutdownHook c.z.h.HikariDataSource    HikariDataSource.java:352 HikariPool-1 - Shutdown completed.
